<?xml version="1.0" encoding="UTF-8"?>
<!-- Generated by org.testng.reporters.JUnitReportReporter -->
<testsuite hostname="DESKTOP-83AKMKT" name="Demo1.Excelforjenkins.Gmail" tests="1" failures="0" timestamp="31 Dec 2017 14:26:50 GMT" time="171.441" errors="0">
  <testcase name="loadingexcelsheet" time="171.441" classname="Demo1.Excelforjenkins.Gmail"/>
</testsuite>
